<?xml version="1.0" encoding="UTF-8"?>
<coverage generated="1764095824352" clover="3.2.0">
  <project timestamp="1764095824352" name="All files">
    <metrics statements="17" coveredstatements="17" conditionals="16" coveredconditionals="16" methods="7" coveredmethods="7" elements="40" coveredelements="40" complexity="0" loc="17" ncloc="17" packages="1" files="2" classes="2"/>
    <file name="error-codes.js" path="/Users/quinnsouther/Documents/Code projects/blueprint-app/src/utils/error-codes.js">
      <metrics statements="9" coveredstatements="9" conditionals="8" coveredconditionals="8" methods="3" coveredmethods="3"/>
      <line num="19" count="6" type="stmt"/>
      <line num="63" count="6" type="stmt"/>
      <line num="113" count="1030" type="stmt"/>
      <line num="128" count="5" type="cond" truecount="3" falsecount="0"/>
      <line num="138" count="5" type="cond" truecount="2" falsecount="0"/>
      <line num="139" count="1" type="stmt"/>
      <line num="141" count="4" type="cond" truecount="2" falsecount="0"/>
      <line num="142" count="1" type="stmt"/>
      <line num="144" count="3" type="stmt"/>
    </file>
    <file name="error-utils.js" path="/Users/quinnsouther/Documents/Code projects/blueprint-app/src/utils/error-utils.js">
      <metrics statements="8" coveredstatements="8" conditionals="8" coveredconditionals="8" methods="4" coveredmethods="4"/>
      <line num="26" count="8" type="cond" truecount="4" falsecount="0"/>
      <line num="27" count="2" type="stmt"/>
      <line num="31" count="6" type="cond" truecount="2" falsecount="0"/>
      <line num="32" count="3" type="stmt"/>
      <line num="36" count="3" type="stmt"/>
      <line num="46" count="5" type="stmt"/>
      <line num="56" count="4" type="stmt"/>
      <line num="66" count="4" type="cond" truecount="2" falsecount="0"/>
    </file>
  </project>
</coverage>
