{"/Users/quinnsouther/Documents/Code projects/blueprint-app/src/utils/error-codes.js": {"path":"/Users/quinnsouther/Documents/Code projects/blueprint-app/src/utils/error-codes.js","statementMap":{"0":{"start":{"line":19,"column":27},"end":{"line":57,"column":1}},"1":{"start":{"line":63,"column":30},"end":{"line":95,"column":1}},"2":{"start":{"line":113,"column":2},"end":{"line":118,"column":4}},"3":{"start":{"line":128,"column":2},"end":{"line":128,"column":74}},"4":{"start":{"line":138,"column":2},"end":{"line":140,"column":3}},"5":{"start":{"line":139,"column":4},"end":{"line":139,"column":37}},"6":{"start":{"line":141,"column":2},"end":{"line":143,"column":3}},"7":{"start":{"line":142,"column":4},"end":{"line":142,"column":43}},"8":{"start":{"line":144,"column":2},"end":{"line":144,"column":19}}},"fnMap":{"0":{"name":"createErrorResponse","decl":{"start":{"line":112,"column":16},"end":{"line":112,"column":35}},"loc":{"start":{"line":112,"column":70},"end":{"line":119,"column":1}},"line":112},"1":{"name":"hasErrorCode","decl":{"start":{"line":127,"column":16},"end":{"line":127,"column":28}},"loc":{"start":{"line":127,"column":39},"end":{"line":129,"column":1}},"line":127},"2":{"name":"getErrorCode","decl":{"start":{"line":137,"column":16},"end":{"line":137,"column":28}},"loc":{"start":{"line":137,"column":46},"end":{"line":145,"column":1}},"line":137}},"branchMap":{"0":{"loc":{"start":{"line":112,"column":56},"end":{"line":112,"column":68}},"type":"default-arg","locations":[{"start":{"line":112,"column":66},"end":{"line":112,"column":68}}],"line":112},"1":{"loc":{"start":{"line":128,"column":12},"end":{"line":128,"column":72}},"type":"binary-expr","locations":[{"start":{"line":128,"column":12},"end":{"line":128,"column":20}},{"start":{"line":128,"column":24},"end":{"line":128,"column":50}},{"start":{"line":128,"column":54},"end":{"line":128,"column":72}}],"line":128},"2":{"loc":{"start":{"line":138,"column":2},"end":{"line":140,"column":3}},"type":"if","locations":[{"start":{"line":138,"column":2},"end":{"line":140,"column":3}},{"start":{},"end":{}}],"line":138},"3":{"loc":{"start":{"line":141,"column":2},"end":{"line":143,"column":3}},"type":"if","locations":[{"start":{"line":141,"column":2},"end":{"line":143,"column":3}},{"start":{},"end":{}}],"line":141}},"s":{"0":6,"1":6,"2":1030,"3":5,"4":5,"5":1,"6":4,"7":1,"8":3},"f":{"0":1030,"1":5,"2":5},"b":{"0":[1016],"1":[5,3,2],"2":[1,4],"3":[1,3]},"_coverageSchema":"1a1c01bbd47fc00a2c39e90264f33305004495a9","hash":"fc3f76ba1ed0ffc865214487e6455b057da349cf"}
,"/Users/quinnsouther/Documents/Code projects/blueprint-app/src/utils/error-utils.js": {"path":"/Users/quinnsouther/Documents/Code projects/blueprint-app/src/utils/error-utils.js","statementMap":{"0":{"start":{"line":26,"column":2},"end":{"line":28,"column":3}},"1":{"start":{"line":27,"column":4},"end":{"line":27,"column":43}},"2":{"start":{"line":31,"column":2},"end":{"line":33,"column":3}},"3":{"start":{"line":32,"column":4},"end":{"line":32,"column":25}},"4":{"start":{"line":36,"column":2},"end":{"line":36,"column":40}},"5":{"start":{"line":46,"column":2},"end":{"line":46,"column":30}},"6":{"start":{"line":56,"column":2},"end":{"line":56,"column":26}},"7":{"start":{"line":66,"column":2},"end":{"line":66,"column":30}}},"fnMap":{"0":{"name":"getUserFriendlyErrorMessage","decl":{"start":{"line":24,"column":16},"end":{"line":24,"column":43}},"loc":{"start":{"line":24,"column":51},"end":{"line":37,"column":1}},"line":24},"1":{"name":"hasErrorCode","decl":{"start":{"line":45,"column":16},"end":{"line":45,"column":28}},"loc":{"start":{"line":45,"column":36},"end":{"line":47,"column":1}},"line":45},"2":{"name":"getErrorCode","decl":{"start":{"line":55,"column":16},"end":{"line":55,"column":28}},"loc":{"start":{"line":55,"column":36},"end":{"line":57,"column":1}},"line":55},"3":{"name":"getErrorDetails","decl":{"start":{"line":65,"column":16},"end":{"line":65,"column":31}},"loc":{"start":{"line":65,"column":39},"end":{"line":67,"column":1}},"line":65}},"branchMap":{"0":{"loc":{"start":{"line":26,"column":2},"end":{"line":28,"column":3}},"type":"if","locations":[{"start":{"line":26,"column":2},"end":{"line":28,"column":3}},{"start":{},"end":{}}],"line":26},"1":{"loc":{"start":{"line":26,"column":6},"end":{"line":26,"column":57}},"type":"binary-expr","locations":[{"start":{"line":26,"column":6},"end":{"line":26,"column":22}},{"start":{"line":26,"column":26},"end":{"line":26,"column":57}}],"line":26},"2":{"loc":{"start":{"line":31,"column":2},"end":{"line":33,"column":3}},"type":"if","locations":[{"start":{"line":31,"column":2},"end":{"line":33,"column":3}},{"start":{},"end":{}}],"line":31},"3":{"loc":{"start":{"line":66,"column":9},"end":{"line":66,"column":29}},"type":"binary-expr","locations":[{"start":{"line":66,"column":9},"end":{"line":66,"column":23}},{"start":{"line":66,"column":27},"end":{"line":66,"column":29}}],"line":66}},"s":{"0":8,"1":2,"2":6,"3":3,"4":3,"5":5,"6":4,"7":4},"f":{"0":8,"1":5,"2":4,"3":4},"b":{"0":[2,6],"1":[8,3],"2":[3,3],"3":[4,3]},"_coverageSchema":"1a1c01bbd47fc00a2c39e90264f33305004495a9","hash":"23be1e46f7e397fa22dd2e743760658689cdc2bf"}
}
