TN:
SF:src/utils/error-codes.js
FN:112,createErrorResponse
FN:127,hasErrorCode
FN:137,getErrorCode
FNF:3
FNH:3
FNDA:1030,createErrorResponse
FNDA:5,hasErrorCode
FNDA:5,getErrorCode
DA:19,6
DA:63,6
DA:113,1030
DA:128,5
DA:138,5
DA:139,1
DA:141,4
DA:142,1
DA:144,3
LF:9
LH:9
BRDA:112,0,0,1016
BRDA:128,1,0,5
BRDA:128,1,1,3
BRDA:128,1,2,2
BRDA:138,2,0,1
BRDA:138,2,1,4
BRDA:141,3,0,1
BRDA:141,3,1,3
BRF:8
BRH:8
end_of_record
TN:
SF:src/utils/error-utils.js
FN:24,getUserFriendlyErrorMessage
FN:45,hasErrorCode
FN:55,getErrorCode
FN:65,getErrorDetails
FNF:4
FNH:4
FNDA:8,getUserFriendlyErrorMessage
FNDA:5,hasErrorCode
FNDA:4,getErrorCode
FNDA:4,getErrorDetails
DA:26,8
DA:27,2
DA:31,6
DA:32,3
DA:36,3
DA:46,5
DA:56,4
DA:66,4
LF:8
LH:8
BRDA:26,0,0,2
BRDA:26,0,1,6
BRDA:26,1,0,8
BRDA:26,1,1,3
BRDA:31,2,0,3
BRDA:31,2,1,3
BRDA:66,3,0,4
BRDA:66,3,1,3
BRF:8
BRH:8
end_of_record
